node_modules/@types/webpack/index.d.ts(32,3): error TS2305: Module '"../../tapable/tapable"' has no exported member 'Tapable'.
node_modules/@types/webpack/index.d.ts(1062,23): error TS2707: Generic type 'SyncWaterfallHook<T, AdditionalOptions>' requires between 1 and 2 type arguments.
node_modules/@types/webpack/index.d.ts(1063,22): error TS2707: Generic type 'SyncWaterfallHook<T, AdditionalOptions>' requires between 1 and 2 type arguments.
node_modules/@types/webpack/index.d.ts(1064,28): error TS2707: Generic type 'AsyncSeriesWaterfallHook<T, AdditionalOptions>' requires between 1 and 2 type arguments.
node_modules/@types/webpack/index.d.ts(1065,27): error TS2707: Generic type 'AsyncSeriesWaterfallHook<T, AdditionalOptions>' requires between 1 and 2 type arguments.
node_modules/@types/webpack/index.d.ts(1066,27): error TS2707: Generic type 'SyncBailHook<T, R, AdditionalOptions>' requires between 2 and 3 type arguments.
node_modules/@types/webpack/index.d.ts(1067,21): error TS2707: Generic type 'SyncWaterfallHook<T, AdditionalOptions>' requires between 1 and 2 type arguments.
node_modules/@types/webpack/index.d.ts(1068,27): error TS2314: Generic type 'HookMap<H>' requires 1 type argument(s).
node_modules/@types/webpack/index.d.ts(1070,30): error TS2314: Generic type 'HookMap<H>' requires 1 type argument(s).
node_modules/@types/webpack/index.d.ts(1071,24): error TS2314: Generic type 'HookMap<H>' requires 1 type argument(s).
node_modules/@types/webpack/index.d.ts(1080,33): error TS2314: Generic type 'HookMap<H>' requires 1 type argument(s).
node_modules/@types/webpack/index.d.ts(1081,27): error TS2314: Generic type 'HookMap<H>' requires 1 type argument(s).
node_modules/@types/webpack/index.d.ts(1082,37): error TS2314: Generic type 'HookMap<H>' requires 1 type argument(s).
node_modules/@types/webpack/index.d.ts(1083,44): error TS2314: Generic type 'HookMap<H>' requires 1 type argument(s).
node_modules/@types/webpack/index.d.ts(1084,47): error TS2314: Generic type 'HookMap<H>' requires 1 type argument(s).
node_modules/@types/webpack/index.d.ts(1085,28): error TS2707: Generic type 'SyncBailHook<T, R, AdditionalOptions>' requires between 2 and 3 type arguments.
node_modules/@types/webpack/index.d.ts(1086,30): error TS2707: Generic type 'SyncBailHook<T, R, AdditionalOptions>' requires between 2 and 3 type arguments.
node_modules/@types/webpack/index.d.ts(1087,24): error TS2314: Generic type 'HookMap<H>' requires 1 type argument(s).
node_modules/@types/webpack/index.d.ts(1088,25): error TS2707: Generic type 'SyncBailHook<T, R, AdditionalOptions>' requires between 2 and 3 type arguments.
node_modules/@types/webpack/index.d.ts(1089,34): error TS2707: Generic type 'SyncBailHook<T, R, AdditionalOptions>' requires between 2 and 3 type arguments.
node_modules/@types/webpack/index.d.ts(1090,25): error TS2707: Generic type 'SyncBailHook<T, R, AdditionalOptions>' requires between 2 and 3 type arguments.
node_modules/@types/webpack/index.d.ts(1091,31): error TS2707: Generic type 'SyncBailHook<T, R, AdditionalOptions>' requires between 2 and 3 type arguments.
node_modules/@types/webpack/index.d.ts(1092,36): error TS2707: Generic type 'SyncBailHook<T, R, AdditionalOptions>' requires between 2 and 3 type arguments.
node_modules/@types/webpack/index.d.ts(1093,35): error TS2707: Generic type 'SyncBailHook<T, R, AdditionalOptions>' requires between 2 and 3 type arguments.
node_modules/@types/webpack/index.d.ts(1094,34): error TS2707: Generic type 'SyncBailHook<T, R, AdditionalOptions>' requires between 2 and 3 type arguments.
node_modules/@types/webpack/index.d.ts(1095,40): error TS2707: Generic type 'SyncBailHook<T, R, AdditionalOptions>' requires between 2 and 3 type arguments.
node_modules/@types/webpack/index.d.ts(1096,33): error TS2707: Generic type 'SyncBailHook<T, R, AdditionalOptions>' requires between 2 and 3 type arguments.
node_modules/@types/webpack/index.d.ts(1097,36): error TS2314: Generic type 'HookMap<H>' requires 1 type argument(s).
node_modules/@types/webpack/index.d.ts(1098,38): error TS2314: Generic type 'HookMap<H>' requires 1 type argument(s).
node_modules/@types/webpack/index.d.ts(1099,36): error TS2314: Generic type 'HookMap<H>' requires 1 type argument(s).
node_modules/@types/webpack/index.d.ts(1100,28): error TS2314: Generic type 'HookMap<H>' requires 1 type argument(s).
node_modules/@types/webpack/index.d.ts(1101,25): error TS2314: Generic type 'HookMap<H>' requires 1 type argument(s).
node_modules/@types/webpack/index.d.ts(1102,27): error TS2314: Generic type 'HookMap<H>' requires 1 type argument(s).
node_modules/@types/webpack/index.d.ts(1103,25): error TS2314: Generic type 'HookMap<H>' requires 1 type argument(s).
node_modules/@types/webpack/index.d.ts(1104,29): error TS2707: Generic type 'SyncBailHook<T, R, AdditionalOptions>' requires between 2 and 3 type arguments.
node_modules/@types/webpack/index.d.ts(1105,23): error TS2314: Generic type 'HookMap<H>' requires 1 type argument(s).
node_modules/@types/webpack/index.d.ts(1106,32): error TS2314: Generic type 'HookMap<H>' requires 1 type argument(s).
node_modules/@types/webpack/index.d.ts(1107,22): error TS2314: Generic type 'HookMap<H>' requires 1 type argument(s).
node_modules/@types/webpack/index.d.ts(1108,29): error TS2314: Generic type 'HookMap<H>' requires 1 type argument(s).
node_modules/@types/webpack/index.d.ts(1109,38): error TS2314: Generic type 'HookMap<H>' requires 1 type argument(s).
node_modules/@types/webpack/index.d.ts(1110,48): error TS2707: Generic type 'SyncBailHook<T, R, AdditionalOptions>' requires between 2 and 3 type arguments.
node_modules/@types/webpack/index.d.ts(1111,44): error TS2707: Generic type 'SyncBailHook<T, R, AdditionalOptions>' requires between 2 and 3 type arguments.
node_modules/@types/webpack/index.d.ts(1112,26): error TS2707: Generic type 'SyncBailHook<T, R, AdditionalOptions>' requires between 2 and 3 type arguments.
node_modules/@types/webpack/index.d.ts(1121,28): error TS2707: Generic type 'AsyncSeriesWaterfallHook<T, AdditionalOptions>' requires between 1 and 2 type arguments.
node_modules/@types/webpack/index.d.ts(1122,27): error TS2707: Generic type 'AsyncSeriesWaterfallHook<T, AdditionalOptions>' requires between 1 and 2 type arguments.
node_modules/@types/webpack/index.d.ts(1123,33): error TS2707: Generic type 'SyncWaterfallHook<T, AdditionalOptions>' requires between 1 and 2 type arguments.
node_modules/@types/webpack/index.d.ts(1124,27): error TS2707: Generic type 'AsyncSeriesWaterfallHook<T, AdditionalOptions>' requires between 1 and 2 type arguments.
node_modules/@types/webpack/index.d.ts(1144,21): error TS2707: Generic type 'SyncHook<T, R, AdditionalOptions>' requires between 1 and 3 type arguments.
node_modules/@types/webpack/index.d.ts(1145,19): error TS2707: Generic type 'SyncHook<T, R, AdditionalOptions>' requires between 1 and 3 type arguments.
node_modules/@types/webpack/index.d.ts(1147,40): error TS2707: Generic type 'SyncBailHook<T, R, AdditionalOptions>' requires between 2 and 3 type arguments.
node_modules/@types/webpack/index.d.ts(1148,35): error TS2707: Generic type 'SyncBailHook<T, R, AdditionalOptions>' requires between 2 and 3 type arguments.
node_modules/@types/webpack/index.d.ts(1149,43): error TS2707: Generic type 'SyncBailHook<T, R, AdditionalOptions>' requires between 2 and 3 type arguments.
node_modules/@types/webpack/index.d.ts(1152,23): error TS2707: Generic type 'SyncHook<T, R, AdditionalOptions>' requires between 1 and 3 type arguments.
node_modules/@types/webpack/index.d.ts(1154,35): error TS2707: Generic type 'SyncBailHook<T, R, AdditionalOptions>' requires between 2 and 3 type arguments.
node_modules/@types/webpack/index.d.ts(1155,30): error TS2707: Generic type 'SyncBailHook<T, R, AdditionalOptions>' requires between 2 and 3 type arguments.
node_modules/@types/webpack/index.d.ts(1156,38): error TS2707: Generic type 'SyncBailHook<T, R, AdditionalOptions>' requires between 2 and 3 type arguments.
node_modules/@types/webpack/index.d.ts(1171,27): error TS2707: Generic type 'SyncBailHook<T, R, AdditionalOptions>' requires between 2 and 3 type arguments.
node_modules/@types/webpack/index.d.ts(1190,25): error TS2707: Generic type 'SyncHook<T, R, AdditionalOptions>' requires between 1 and 3 type arguments.
node_modules/@types/webpack/index.d.ts(1191,24): error TS2707: Generic type 'SyncHook<T, R, AdditionalOptions>' requires between 1 and 3 type arguments.
node_modules/@types/webpack/index.d.ts(1197,33): error TS2707: Generic type 'SyncHook<T, R, AdditionalOptions>' requires between 1 and 3 type arguments.
node_modules/@types/webpack/index.d.ts(1198,40): error TS2707: Generic type 'SyncBailHook<T, R, AdditionalOptions>' requires between 2 and 3 type arguments.
node_modules/@types/webpack/index.d.ts(1199,32): error TS2707: Generic type 'SyncHook<T, R, AdditionalOptions>' requires between 1 and 3 type arguments.
node_modules/@types/webpack/index.d.ts(1204,31): error TS2707: Generic type 'AsyncSeriesHook<T, AdditionalOptions>' requires between 1 and 2 type arguments.
node_modules/@types/webpack/index.d.ts(1210,33): error TS2707: Generic type 'SyncBailHook<T, R, AdditionalOptions>' requires between 2 and 3 type arguments.
node_modules/@types/webpack/index.d.ts(1211,24): error TS2707: Generic type 'AsyncSeriesHook<T, AdditionalOptions>' requires between 1 and 2 type arguments.
node_modules/@types/webpack/index.d.ts(1219,33): error TS2707: Generic type 'SyncBailHook<T, R, AdditionalOptions>' requires between 2 and 3 type arguments.
node_modules/@types/webpack/index.d.ts(1220,28): error TS2707: Generic type 'SyncHook<T, R, AdditionalOptions>' requires between 1 and 3 type arguments.
node_modules/@types/webpack/index.d.ts(1224,43): error TS2707: Generic type 'SyncBailHook<T, R, AdditionalOptions>' requires between 2 and 3 type arguments.
node_modules/@types/webpack/index.d.ts(1225,38): error TS2707: Generic type 'SyncBailHook<T, R, AdditionalOptions>' requires between 2 and 3 type arguments.
node_modules/@types/webpack/index.d.ts(1226,46): error TS2707: Generic type 'SyncBailHook<T, R, AdditionalOptions>' requires between 2 and 3 type arguments.
node_modules/@types/webpack/index.d.ts(1239,27): error TS2707: Generic type 'SyncWaterfallHook<T, AdditionalOptions>' requires between 1 and 2 type arguments.
node_modules/@types/webpack/index.d.ts(1240,22): error TS2707: Generic type 'SyncWaterfallHook<T, AdditionalOptions>' requires between 1 and 2 type arguments.
node_modules/@types/webpack/index.d.ts(1241,32): error TS2707: Generic type 'SyncWaterfallHook<T, AdditionalOptions>' requires between 1 and 2 type arguments.
node_modules/@types/webpack/index.d.ts(1242,28): error TS2707: Generic type 'SyncWaterfallHook<T, AdditionalOptions>' requires between 1 and 2 type arguments.
node_modules/@types/webpack/index.d.ts(1243,24): error TS2707: Generic type 'SyncWaterfallHook<T, AdditionalOptions>' requires between 1 and 2 type arguments.
node_modules/@types/webpack/index.d.ts(1244,27): error TS2707: Generic type 'SyncWaterfallHook<T, AdditionalOptions>' requires between 1 and 2 type arguments.
node_modules/@types/webpack/index.d.ts(1258,22): error TS2707: Generic type 'SyncWaterfallHook<T, AdditionalOptions>' requires between 1 and 2 type arguments.
node_modules/@types/webpack/index.d.ts(1259,21): error TS2707: Generic type 'SyncWaterfallHook<T, AdditionalOptions>' requires between 1 and 2 type arguments.
node_modules/@types/webpack/index.d.ts(1260,21): error TS2707: Generic type 'SyncWaterfallHook<T, AdditionalOptions>' requires between 1 and 2 type arguments.
node_modules/@types/webpack/index.d.ts(1261,22): error TS2707: Generic type 'SyncWaterfallHook<T, AdditionalOptions>' requires between 1 and 2 type arguments.
node_modules/@types/webpack/index.d.ts(1262,19): error TS2707: Generic type 'SyncHook<T, R, AdditionalOptions>' requires between 1 and 3 type arguments.
node_modules/@types/webpack/index.d.ts(1356,25): error TS2707: Generic type 'SyncBailHook<T, R, AdditionalOptions>' requires between 2 and 3 type arguments.
node_modules/@types/webpack/index.d.ts(1358,29): error TS2707: Generic type 'AsyncSeriesHook<T, AdditionalOptions>' requires between 1 and 2 type arguments.
node_modules/@types/webpack/index.d.ts(1374,25): error TS2707: Generic type 'SyncHook<T, R, AdditionalOptions>' requires between 1 and 3 type arguments.
node_modules/@types/webpack/index.d.ts(1375,26): error TS2707: Generic type 'SyncHook<T, R, AdditionalOptions>' requires between 1 and 3 type arguments.
node_modules/@types/webpack/index.d.ts(1376,31): error TS2707: Generic type 'SyncHook<T, R, AdditionalOptions>' requires between 1 and 3 type arguments.
node_modules/@types/webpack/index.d.ts(1379,26): error TS2707: Generic type 'SyncBailHook<T, R, AdditionalOptions>' requires between 2 and 3 type arguments.
node_modules/@types/webpack/index.d.ts(1399,25): error TS2707: Generic type 'SyncHook<T, R, AdditionalOptions>' requires between 1 and 3 type arguments.
node_modules/@types/webpack/index.d.ts(1466,24): error TS2707: Generic type 'SyncBailHook<T, R, AdditionalOptions>' requires between 2 and 3 type arguments.
